<?xml version="1.0" encoding="UTF-8"?>
<!-- Generated by org.testng.reporters.JUnitReportReporter -->
<testsuite hostname="DESKTOP-R2P8A3M" failures="0" tests="1" name="simple.com.simpleProject.ProductFilter" time="7.664" errors="0" timestamp="2025-04-18T19:58:14 PDT" skipped="0">
  <testcase classname="simple.com.simpleProject.ProductFilter" name="ProductFilteringLowToHigh" time="7.664"/>
</testsuite> <!-- simple.com.simpleProject.ProductFilter -->
