<?xml version="1.0" encoding="UTF-8"?>
<!-- Generated by org.testng.reporters.JUnitReportReporter -->
<testsuite hostname="DESKTOP-R2P8A3M" failures="0" tests="5" name="simple.com.simpleProject.LoginTest" time="56.925" errors="0" timestamp="2025-04-18T19:58:14 PDT" skipped="0">
  <testcase classname="simple.com.simpleProject.LoginTest" name="testLogin" time="15.382"/>
  <testcase classname="simple.com.simpleProject.LoginTest" name="testLogin" time="9.861"/>
  <testcase classname="simple.com.simpleProject.LoginTest" name="testLogin" time="6.222"/>
  <testcase classname="simple.com.simpleProject.LoginTest" name="testLogin" time="12.931"/>
  <testcase classname="simple.com.simpleProject.LoginTest" name="testLogin" time="12.529"/>
</testsuite> <!-- simple.com.simpleProject.LoginTest -->
